2444214.553250	-73099	44214.553250	44214.553827	-49.848409	18.248615
2444214.615620	-73098	44214.615620	44214.616190	-49.230010	18.248585
2444214.677980	-73097	44214.677980	44214.678553	-49.475610	18.248556
2444968.023090	-61017	44968.023090	44968.021691	120.852659	100.475958
2444968.957120	-61002	44968.957120	44968.957134	-1.199351	100.475882
2444969.019620	-61001	44969.019620	44969.019497	10.651048	100.475877
2444978.997550	-60841	44978.997550	44978.997552	-0.133054	100.475071
2444993.900780	-60602	44993.900780	44993.902271	-128.815606	60.785807
2444993.963280	-60601	44993.963280	44993.964634	-116.965207	60.785799
2444994.026420	-60600	44994.026420	44994.026997	-49.818809	60.785791
2445020.905130	-60169	45020.905130	45020.905382	-21.752685	22.237924
2445021.902920	-60153	45021.902920	45021.903187	-23.090295	22.237561
2445024.833860	-60106	45024.833860	45024.834241	-32.905525	60.781690
2445731.966400	-48767	45731.966400	45731.966513	-9.771182	31.358771
2445763.833730	-48256	45763.833730	45763.833926	-16.905108	10.387731
2445854.882800	-46796	45854.882800	45854.883676	-75.674043	100.406977
2446054.942310	-43588	46054.942310	46054.943675	-117.928896	100.392158
2446086.935650	-43075	46086.935650	46086.935813	-14.098024	9.331965
2446086.997960	-43074	46086.997960	46086.998176	-18.663625	9.331916
2448560.557800	-3410	48560.557800	48560.557965	-14.247410	7.872520
2448773.215090	0	48773.215090	48773.215258	-14.529593	8.282967
2448774.212930	16	48774.212930	48774.213064	-11.547203	8.282306
2449137.912940	5848	49137.912940	49137.913162	-19.154135	8.043351
2449143.962140	5945	49143.962140	49143.962357	-18.785397	8.039413
2449144.024380	5946	49144.024380	49144.024720	-29.398998	8.039372
2449144.086890	5947	49144.086890	49144.087083	-16.684599	8.039331
2449144.960050	5961	49144.960050	49144.960163	-9.755007	8.038763
2449145.022350	5962	49145.022350	49145.022526	-15.184608	8.038722
2449145.084540	5963	49145.084540	49145.084889	-30.118208	8.038682
2449145.147110	5964	49145.147110	49145.147251	-12.219810	8.038641
2451870.776880	49670	51870.776880	51870.777650	-66.537381	6.421061
2451870.901630	49672	51870.901630	51870.902376	-64.436583	6.420996
2452284.678997	56307	52284.678997	52284.679836	-72.528029	3.805308
2452284.741363	56308	52284.741363	52284.742199	-72.255229	3.966612
